<?xml version="1.0" encoding="UTF-8"?>
<!-- Generated by org.testng.reporters.JUnitXMLReporter -->
<testsuite ignored="0" hostname="Arrows" failures="1" tests="1" name="Login" time="13.174" errors="0" timestamp="2023-08-22T23:50:58 IST">
  <testcase classname="com.w3schools.tests.LoginTest" name="login" time="13.014">
    <failure type="java.lang.NullPointerException" message="Cannot invoke &amp;quot;com.w3schools.po_models.LoginPage.getPassword()&amp;quot; because the return value of &amp;quot;com.w3schools.po_manager.PageObjectManager.getLoginPage()&amp;quot; is null">
      <![CDATA[java.lang.NullPointerException: Cannot invoke "com.w3schools.po_models.LoginPage.getPassword()" because the return value of "com.w3schools.po_manager.PageObjectManager.getLoginPage()" is null
at com.w3schools.tests.LoginTest.login(LoginTest.java:22)
at java.base/java.util.ArrayList.forEach(ArrayList.java:1511)
... Removed 27 stack frames]]>
    </failure>
  </testcase> <!-- login -->
</testsuite> <!-- Login -->
