<?xml version="1.0" encoding="UTF-8"?>
<testng-results ignored="0" total="1" passed="1" failed="0" skipped="0">
  <reporter-output>
  </reporter-output>
  <suite started-at="2023-08-18T11:34:24 IST" name="Default suite" finished-at="2023-08-18T11:34:24 IST" duration-ms="287">
    <groups>
    </groups>
    <test started-at="2023-08-18T11:34:24 IST" name="Default test" finished-at="2023-08-18T11:34:24 IST" duration-ms="287">
      <class name="com.w3schools.utils.BaseClass">
        <test-method signature="waitForMe()[pri:0, instance:com.w3schools.utils.BaseClass@39655d3e]" started-at="2023-08-18T11:34:24 IST" name="waitForMe" finished-at="2023-08-18T11:34:24 IST" duration-ms="39" status="PASS">
          <reporter-output>
          </reporter-output>
        </test-method> <!-- waitForMe -->
      </class> <!-- com.w3schools.utils.BaseClass -->
    </test> <!-- Default test -->
  </suite> <!-- Default suite -->
</testng-results>
