<?xml version="1.0" encoding="UTF-8"?>
<testng-results ignored="0" total="1" passed="1" failed="0" skipped="0">
  <reporter-output>
  </reporter-output>
  <suite started-at="2023-08-23T00:15:13 IST" name="Default suite" finished-at="2023-08-23T00:15:27 IST" duration-ms="14305">
    <groups>
    </groups>
    <test started-at="2023-08-23T00:15:13 IST" name="Default test" finished-at="2023-08-23T00:15:27 IST" duration-ms="14305">
      <class name="com.w3schools.tests.LoginTest">
        <test-method signature="login()[pri:0, instance:com.w3schools.tests.LoginTest@3b220bcb]" started-at="2023-08-23T00:15:13 IST" name="login" finished-at="2023-08-23T00:15:27 IST" duration-ms="14157" status="PASS">
          <reporter-output>
          </reporter-output>
        </test-method> <!-- login -->
      </class> <!-- com.w3schools.tests.LoginTest -->
    </test> <!-- Default test -->
  </suite> <!-- Default suite -->
</testng-results>
